This is XeTeX, Version 3.14159265-2.6-0.999992 (TeX Live 2020) (preloaded format=xelatex 2021.2.15)  5 APR 2021 21:46
entering extended mode
 restricted \write18 enabled.
 %&-line parsing enabled.
**d
(/usr/local/texlive/2020/texmf-dist/tex/latex/tools/q.tex
LaTeX2e <2020-10-01> patch level 4
L3 programming layer <2021-02-06> File ignored
)
! Emergency stop.
<*> d
     
*** (job aborted, no legal \end found)

 
Here is how much of TeX's memory you used:
 17 strings out of 477218
 425 string characters out of 5830434
 283982 words of memory out of 5000000
 19829 multiletter control sequences out of 15000+600000
 403430 words of font info for 27 fonts, out of 8000000 for 9000
 1348 hyphenation exceptions out of 8191
 12i,0n,15p,81b,10s stack positions out of 5000i,500n,10000p,200000b,80000s
No pages of output.
